<?xml version="1.0" encoding="utf-8"?>
<coverage line-rate="0.9882" branch-rate="1" version="1.9" timestamp="1761084500" lines-covered="84" lines-valid="85" branches-covered="18" branches-valid="18">
  <sources>
    <source>C:\Users\Galon\source\repos\TrabajoTarjeta2025\TarjetaApp\</source>
  </sources>
  <packages>
    <package name="TarjetaApp" line-rate="0.9882" branch-rate="1" complexity="35">
      <classes>
        <class name="TarjetaApp.Boleto" filename="Boleto.cs" line-rate="1" branch-rate="1" complexity="1">
          <methods>
            <method name=".ctor" signature="(System.String)" line-rate="1" branch-rate="1" complexity="1">
              <lines>
                <line number="13" hits="27" branch="False" />
                <line number="14" hits="27" branch="False" />
                <line number="15" hits="27" branch="False" />
                <line number="16" hits="27" branch="False" />
              </lines>
            </method>
          </methods>
          <lines>
            <line number="13" hits="27" branch="False" />
            <line number="14" hits="27" branch="False" />
            <line number="15" hits="27" branch="False" />
            <line number="16" hits="27" branch="False" />
          </lines>
        </class>
        <class name="TarjetaApp.Colectivo" filename="Colectivo.cs" line-rate="0.9523" branch-rate="1" complexity="10">
          <methods>
            <method name="PagarCon" signature="(TarjetaApp.Tarjeta)" line-rate="1" branch-rate="1" complexity="2">
              <lines>
                <line number="13" hits="48" branch="False" />
                <line number="14" hits="48" branch="True" condition-coverage="100% (2/2)">
                  <conditions>
                    <condition number="15" type="jump" coverage="100%" />
                  </conditions>
                </line>
                <line number="15" hits="26" branch="False" />
                <line number="16" hits="26" branch="False" />
                <line number="17" hits="26" branch="False" />
                <line number="18" hits="26" branch="False" />
                <line number="21" hits="22" branch="False" />
                <line number="22" hits="22" branch="False" />
                <line number="24" hits="48" branch="False" />
              </lines>
            </method>
            <method name="CalcularPrecio" signature="(TarjetaApp.Tarjeta)" line-rate="1" branch-rate="1" complexity="6">
              <lines>
                <line number="27" hits="48" branch="False" />
                <line number="28" hits="48" branch="True" condition-coverage="100% (6/6)">
                  <conditions>
                    <condition number="23" type="jump" coverage="100%" />
                    <condition number="36" type="jump" coverage="100%" />
                    <condition number="49" type="jump" coverage="100%" />
                  </conditions>
                </line>
                <line number="29" hits="48" branch="False" />
                <line number="30" hits="1" branch="False" />
                <line number="31" hits="1" branch="False" />
                <line number="32" hits="1" branch="False" />
                <line number="33" hits="45" branch="False" />
                <line number="34" hits="48" branch="False" />
                <line number="35" hits="48" branch="False" />
                <line number="36" hits="48" branch="False" />
              </lines>
            </method>
            <method name=".ctor" signature="(System.String)" line-rate="1" branch-rate="1" complexity="1">
              <lines>
                <line number="10" hits="108" branch="False" />
              </lines>
            </method>
            <method name=".cctor" signature="()" line-rate="0" branch-rate="1" complexity="1">
              <lines>
                <line number="7" hits="0" branch="False" />
              </lines>
            </method>
          </methods>
          <lines>
            <line number="13" hits="48" branch="False" />
            <line number="14" hits="48" branch="True" condition-coverage="100% (2/2)">
              <conditions>
                <condition number="15" type="jump" coverage="100%" />
              </conditions>
            </line>
            <line number="15" hits="26" branch="False" />
            <line number="16" hits="26" branch="False" />
            <line number="17" hits="26" branch="False" />
            <line number="18" hits="26" branch="False" />
            <line number="21" hits="22" branch="False" />
            <line number="22" hits="22" branch="False" />
            <line number="24" hits="48" branch="False" />
            <line number="27" hits="48" branch="False" />
            <line number="28" hits="48" branch="True" condition-coverage="100% (6/6)">
              <conditions>
                <condition number="23" type="jump" coverage="100%" />
                <condition number="36" type="jump" coverage="100%" />
                <condition number="49" type="jump" coverage="100%" />
              </conditions>
            </line>
            <line number="29" hits="48" branch="False" />
            <line number="30" hits="1" branch="False" />
            <line number="31" hits="1" branch="False" />
            <line number="32" hits="1" branch="False" />
            <line number="33" hits="45" branch="False" />
            <line number="34" hits="48" branch="False" />
            <line number="35" hits="48" branch="False" />
            <line number="36" hits="48" branch="False" />
            <line number="10" hits="108" branch="False" />
            <line number="7" hits="0" branch="False" />
          </lines>
        </class>
        <class name="TarjetaApp.Program" filename="Program.cs" line-rate="1" branch-rate="1" complexity="1">
          <methods>
            <method name="Main" signature="(System.String[])" line-rate="1" branch-rate="1" complexity="1">
              <lines>
                <line number="8" hits="2" branch="False" />
                <line number="9" hits="2" branch="False" />
                <line number="10" hits="2" branch="False" />
              </lines>
            </method>
          </methods>
          <lines>
            <line number="8" hits="2" branch="False" />
            <line number="9" hits="2" branch="False" />
            <line number="10" hits="2" branch="False" />
          </lines>
        </class>
        <class name="TarjetaApp.Tarjeta" filename="Tarjeta.cs" line-rate="1" branch-rate="1" complexity="17">
          <methods>
            <method name="get_Saldo" signature="()" line-rate="1" branch-rate="1" complexity="1">
              <lines>
                <line number="9" hits="439" branch="False" />
              </lines>
            </method>
            <method name="get_Franquicia" signature="()" line-rate="1" branch-rate="1" complexity="1">
              <lines>
                <line number="10" hits="99" branch="False" />
              </lines>
            </method>
            <method name="GetSaldo" signature="()" line-rate="1" branch-rate="1" complexity="1">
              <lines>
                <line number="24" hits="72" branch="False" />
              </lines>
            </method>
            <method name="GetFranquicia" signature="()" line-rate="1" branch-rate="1" complexity="1">
              <lines>
                <line number="25" hits="51" branch="False" />
              </lines>
            </method>
            <method name="GetHistorialViajes" signature="()" line-rate="1" branch-rate="1" complexity="1">
              <lines>
                <line number="26" hits="3" branch="False" />
              </lines>
            </method>
            <method name="CargarSaldo" signature="(System.Decimal)" line-rate="1" branch-rate="1" complexity="4">
              <lines>
                <line number="29" hits="43" branch="False" />
                <line number="30" hits="43" branch="True" condition-coverage="100% (2/2)">
                  <conditions>
                    <condition number="14" type="jump" coverage="100%" />
                  </conditions>
                </line>
                <line number="31" hits="41" branch="False" />
                <line number="32" hits="41" branch="False" />
                <line number="33" hits="41" branch="True" condition-coverage="100% (2/2)">
                  <conditions>
                    <condition number="59" type="jump" coverage="100%" />
                  </conditions>
                </line>
                <line number="34" hits="21" branch="False" />
                <line number="36" hits="41" branch="False" />
                <line number="37" hits="41" branch="False" />
                <line number="39" hits="2" branch="False" />
                <line number="40" hits="2" branch="False" />
                <line number="41" hits="2" branch="False" />
                <line number="42" hits="43" branch="False" />
              </lines>
            </method>
            <method name="CobrarPasaje" signature="(System.Decimal)" line-rate="1" branch-rate="1" complexity="4">
              <lines>
                <line number="45" hits="50" branch="False" />
                <line number="46" hits="50" branch="False" />
                <line number="48" hits="50" branch="True" condition-coverage="100% (2/2)">
                  <conditions>
                    <condition number="32" type="jump" coverage="100%" />
                  </conditions>
                </line>
                <line number="49" hits="26" branch="False" />
                <line number="50" hits="26" branch="False" />
                <line number="52" hits="26" branch="True" condition-coverage="100% (2/2)">
                  <conditions>
                    <condition number="61" type="jump" coverage="100%" />
                  </conditions>
                </line>
                <line number="53" hits="2" branch="False" />
                <line number="55" hits="26" branch="False" />
                <line number="58" hits="24" branch="False" />
                <line number="59" hits="24" branch="False" />
                <line number="60" hits="24" branch="False" />
                <line number="62" hits="50" branch="False" />
              </lines>
            </method>
            <method name="AgregarBoleto" signature="(TarjetaApp.Boleto)" line-rate="1" branch-rate="1" complexity="2">
              <lines>
                <line number="65" hits="26" branch="False" />
                <line number="66" hits="26" branch="True" condition-coverage="100% (2/2)">
                  <conditions>
                    <condition number="7" type="jump" coverage="100%" />
                  </conditions>
                </line>
                <line number="67" hits="26" branch="False" />
                <line number="68" hits="26" branch="False" />
              </lines>
            </method>
            <method name=".ctor" signature="(System.Decimal)" line-rate="1" branch-rate="1" complexity="1">
              <lines>
                <line number="19" hits="54" branch="False" />
                <line number="20" hits="54" branch="False" />
                <line number="21" hits="54" branch="False" />
                <line number="22" hits="54" branch="False" />
                <line number="23" hits="54" branch="False" />
              </lines>
            </method>
            <method name=".cctor" signature="()" line-rate="1" branch-rate="1" complexity="1">
              <lines>
                <line number="11" hits="1" branch="False" />
                <line number="12" hits="1" branch="False" />
                <line number="14" hits="1" branch="False" />
                <line number="15" hits="1" branch="False" />
              </lines>
            </method>
          </methods>
          <lines>
            <line number="9" hits="439" branch="False" />
            <line number="10" hits="99" branch="False" />
            <line number="24" hits="72" branch="False" />
            <line number="25" hits="51" branch="False" />
            <line number="26" hits="3" branch="False" />
            <line number="29" hits="43" branch="False" />
            <line number="30" hits="43" branch="True" condition-coverage="100% (2/2)">
              <conditions>
                <condition number="14" type="jump" coverage="100%" />
              </conditions>
            </line>
            <line number="31" hits="41" branch="False" />
            <line number="32" hits="41" branch="False" />
            <line number="33" hits="41" branch="True" condition-coverage="100% (2/2)">
              <conditions>
                <condition number="59" type="jump" coverage="100%" />
              </conditions>
            </line>
            <line number="34" hits="21" branch="False" />
            <line number="36" hits="41" branch="False" />
            <line number="37" hits="41" branch="False" />
            <line number="39" hits="2" branch="False" />
            <line number="40" hits="2" branch="False" />
            <line number="41" hits="2" branch="False" />
            <line number="42" hits="43" branch="False" />
            <line number="45" hits="50" branch="False" />
            <line number="46" hits="50" branch="False" />
            <line number="48" hits="50" branch="True" condition-coverage="100% (2/2)">
              <conditions>
                <condition number="32" type="jump" coverage="100%" />
              </conditions>
            </line>
            <line number="49" hits="26" branch="False" />
            <line number="50" hits="26" branch="False" />
            <line number="52" hits="26" branch="True" condition-coverage="100% (2/2)">
              <conditions>
                <condition number="61" type="jump" coverage="100%" />
              </conditions>
            </line>
            <line number="53" hits="2" branch="False" />
            <line number="55" hits="26" branch="False" />
            <line number="58" hits="24" branch="False" />
            <line number="59" hits="24" branch="False" />
            <line number="60" hits="24" branch="False" />
            <line number="62" hits="50" branch="False" />
            <line number="65" hits="26" branch="False" />
            <line number="66" hits="26" branch="True" condition-coverage="100% (2/2)">
              <conditions>
                <condition number="7" type="jump" coverage="100%" />
              </conditions>
            </line>
            <line number="67" hits="26" branch="False" />
            <line number="68" hits="26" branch="False" />
            <line number="19" hits="54" branch="False" />
            <line number="20" hits="54" branch="False" />
            <line number="21" hits="54" branch="False" />
            <line number="22" hits="54" branch="False" />
            <line number="23" hits="54" branch="False" />
            <line number="11" hits="1" branch="False" />
            <line number="12" hits="1" branch="False" />
            <line number="14" hits="1" branch="False" />
            <line number="15" hits="1" branch="False" />
          </lines>
        </class>
        <class name="TarjetaApp.Franquicias.BoletoEducativo" filename="Franquicias\BoletoEducativo.cs" line-rate="1" branch-rate="1" complexity="2">
          <methods>
            <method name="get_Franquicia" signature="()" line-rate="1" branch-rate="1" complexity="1">
              <lines>
                <line number="5" hits="4" branch="False" />
              </lines>
            </method>
            <method name=".ctor" signature="(System.Decimal)" line-rate="1" branch-rate="1" complexity="1">
              <lines>
                <line number="7" hits="2" branch="False" />
                <line number="8" hits="2" branch="False" />
                <line number="9" hits="2" branch="False" />
                <line number="10" hits="2" branch="False" />
              </lines>
            </method>
          </methods>
          <lines>
            <line number="5" hits="4" branch="False" />
            <line number="7" hits="2" branch="False" />
            <line number="8" hits="2" branch="False" />
            <line number="9" hits="2" branch="False" />
            <line number="10" hits="2" branch="False" />
          </lines>
        </class>
        <class name="TarjetaApp.Franquicias.FranquiciaCompleta" filename="Franquicias\FranquiciaCompleta.cs" line-rate="1" branch-rate="1" complexity="2">
          <methods>
            <method name="get_Franquicia" signature="()" line-rate="1" branch-rate="1" complexity="1">
              <lines>
                <line number="5" hits="4" branch="False" />
              </lines>
            </method>
            <method name=".ctor" signature="(System.Decimal)" line-rate="1" branch-rate="1" complexity="1">
              <lines>
                <line number="7" hits="2" branch="False" />
                <line number="8" hits="2" branch="False" />
                <line number="9" hits="2" branch="False" />
                <line number="10" hits="2" branch="False" />
              </lines>
            </method>
          </methods>
          <lines>
            <line number="5" hits="4" branch="False" />
            <line number="7" hits="2" branch="False" />
            <line number="8" hits="2" branch="False" />
            <line number="9" hits="2" branch="False" />
            <line number="10" hits="2" branch="False" />
          </lines>
        </class>
        <class name="TarjetaApp.Franquicias.MedioBoleto" filename="Franquicias\MedioBoleto.cs" line-rate="1" branch-rate="1" complexity="2">
          <methods>
            <method name="get_Franquicia" signature="()" line-rate="1" branch-rate="1" complexity="1">
              <lines>
                <line number="5" hits="4" branch="False" />
              </lines>
            </method>
            <method name=".ctor" signature="(System.Decimal)" line-rate="1" branch-rate="1" complexity="1">
              <lines>
                <line number="7" hits="2" branch="False" />
                <line number="8" hits="2" branch="False" />
                <line number="9" hits="2" branch="False" />
                <line number="10" hits="2" branch="False" />
              </lines>
            </method>
          </methods>
          <lines>
            <line number="5" hits="4" branch="False" />
            <line number="7" hits="2" branch="False" />
            <line number="8" hits="2" branch="False" />
            <line number="9" hits="2" branch="False" />
            <line number="10" hits="2" branch="False" />
          </lines>
        </class>
      </classes>
    </package>
  </packages>
</coverage>